<?xml version="1.0" encoding="UTF-8"?>
<testsuite xmlns:xsi="http://www.w3.org/2001/XMLSchema-instance" xsi:noNamespaceSchemaLocation="https://maven.apache.org/surefire/maven-surefire-plugin/xsd/surefire-test-report-3.0.xsd" version="3.0" name="com.skillstorm.CalculatorTests" time="0.048" tests="13" errors="0" skipped="0" failures="0">
  <properties>
    <property name="java.specification.version" value="17"/>
    <property name="sun.cpu.isalist" value="amd64"/>
    <property name="sun.jnu.encoding" value="Cp1252"/>
    <property name="java.class.path" value="C:\Repos\20250602-cgi-java\week-07\day-3\junit-project\target\test-classes;C:\Repos\20250602-cgi-java\week-07\day-3\junit-project\target\classes;C:\Users\JonProvan\.m2\repository\org\junit\jupiter\junit-jupiter-api\5.13.3\junit-jupiter-api-5.13.3.jar;C:\Users\JonProvan\.m2\repository\org\opentest4j\opentest4j\1.3.0\opentest4j-1.3.0.jar;C:\Users\JonProvan\.m2\repository\org\junit\platform\junit-platform-commons\1.13.3\junit-platform-commons-1.13.3.jar;C:\Users\JonProvan\.m2\repository\org\apiguardian\apiguardian-api\1.1.2\apiguardian-api-1.1.2.jar;"/>
    <property name="java.vm.vendor" value="Oracle Corporation"/>
    <property name="sun.arch.data.model" value="64"/>
    <property name="user.variant" value=""/>
    <property name="java.vendor.url" value="https://java.oracle.com/"/>
    <property name="user.timezone" value="America/New_York"/>
    <property name="os.name" value="Windows 11"/>
    <property name="java.vm.specification.version" value="17"/>
    <property name="sun.java.launcher" value="SUN_STANDARD"/>
    <property name="user.country" value="US"/>
    <property name="sun.boot.library.path" value="C:\Program Files\Java\jdk-17\bin"/>
    <property name="sun.java.command" value="C:\Users\JonProvan\AppData\Local\Temp\surefire17900369212049863372\surefirebooter-20250717120500360_3.jar C:\Users\JonProvan\AppData\Local\Temp\surefire17900369212049863372 2025-07-17T12-05-00_233-jvmRun1 surefire-20250717120500360_1tmp surefire_0-20250717120500360_2tmp"/>
    <property name="jdk.debug" value="release"/>
    <property name="surefire.test.class.path" value="C:\Repos\20250602-cgi-java\week-07\day-3\junit-project\target\test-classes;C:\Repos\20250602-cgi-java\week-07\day-3\junit-project\target\classes;C:\Users\JonProvan\.m2\repository\org\junit\jupiter\junit-jupiter-api\5.13.3\junit-jupiter-api-5.13.3.jar;C:\Users\JonProvan\.m2\repository\org\opentest4j\opentest4j\1.3.0\opentest4j-1.3.0.jar;C:\Users\JonProvan\.m2\repository\org\junit\platform\junit-platform-commons\1.13.3\junit-platform-commons-1.13.3.jar;C:\Users\JonProvan\.m2\repository\org\apiguardian\apiguardian-api\1.1.2\apiguardian-api-1.1.2.jar;"/>
    <property name="sun.cpu.endian" value="little"/>
    <property name="user.home" value="C:\Users\JonProvan"/>
    <property name="user.language" value="en"/>
    <property name="java.specification.vendor" value="Oracle Corporation"/>
    <property name="java.version.date" value="2024-07-16"/>
    <property name="java.home" value="C:\Program Files\Java\jdk-17"/>
    <property name="file.separator" value="\"/>
    <property name="style.color" value="always"/>
    <property name="basedir" value="C:\Repos\20250602-cgi-java\week-07\day-3\junit-project"/>
    <property name="java.vm.compressedOopsMode" value="Zero based"/>
    <property name="line.separator" value="&#10;"/>
    <property name="java.vm.specification.vendor" value="Oracle Corporation"/>
    <property name="java.specification.name" value="Java Platform API Specification"/>
    <property name="surefire.real.class.path" value="C:\Users\JonProvan\AppData\Local\Temp\surefire17900369212049863372\surefirebooter-20250717120500360_3.jar"/>
    <property name="user.script" value=""/>
    <property name="sun.management.compiler" value="HotSpot 64-Bit Tiered Compilers"/>
    <property name="java.runtime.version" value="17.0.12+8-LTS-286"/>
    <property name="user.name" value="JonProvan"/>
    <property name="path.separator" value=";"/>
    <property name="os.version" value="10.0"/>
    <property name="java.runtime.name" value="Java(TM) SE Runtime Environment"/>
    <property name="file.encoding" value="Cp1252"/>
    <property name="java.vm.name" value="Java HotSpot(TM) 64-Bit Server VM"/>
    <property name="localRepository" value="C:\Users\JonProvan\.m2\repository"/>
    <property name="java.vendor.url.bug" value="https://bugreport.java.com/bugreport/"/>
    <property name="java.io.tmpdir" value="C:\Users\JONPRO~1\AppData\Local\Temp\"/>
    <property name="java.version" value="17.0.12"/>
    <property name="user.dir" value="C:\Repos\20250602-cgi-java\week-07\day-3\junit-project"/>
    <property name="os.arch" value="amd64"/>
    <property name="java.vm.specification.name" value="Java Virtual Machine Specification"/>
    <property name="sun.os.patch.level" value=""/>
    <property name="native.encoding" value="Cp1252"/>
    <property name="java.library.path" value="C:\Program Files\Java\jdk-17\bin;C:\WINDOWS\Sun\Java\bin;C:\WINDOWS\system32;C:\WINDOWS;C:/Program Files/Java/sts-4.30.0.RELEASE//plugins/org.eclipse.justj.openjdk.hotspot.jre.full.win32.x86_64_21.0.6.v20250130-0529/jre/bin/server;C:/Program Files/Java/sts-4.30.0.RELEASE//plugins/org.eclipse.justj.openjdk.hotspot.jre.full.win32.x86_64_21.0.6.v20250130-0529/jre/bin;C:\Python312\Scripts\;C:\Python312\;C:\Program Files\Common Files\Oracle\Java\javapath;C:\Program Files (x86)\Common Files\Oracle\Java\java8path;C:\Program Files (x86)\Common Files\Oracle\Java\javapath;C:\WINDOWS\system32;C:\WINDOWS;C:\WINDOWS\System32\Wbem;C:\WINDOWS\System32\WindowsPowerShell\v1.0\;C:\WINDOWS\System32\OpenSSH\;C:\ProgramData\chocolatey\bin;C:\Program Files\Docker\Docker\resources\bin;C:\Program Files\nodejs\;C:\Program Files\Vagrant\bin;C:\Program Files\dotnet\;C:\Program Files\Amazon\AWSCLIV2\;C:\Program Files\Git\cmd;C:\Users\JonProvan\AppData\Local\Programs\Python\Python313\Scripts\;C:\Users\JonProvan\AppData\Local\Programs\Python\Python313\;C:\Program Files\MySQL\MySQL Shell 8.0\bin\;C:\Users\JonProvan\AppData\Local\Microsoft\WindowsApps;C:\Users\JonProvan\AppData\Local\Programs\Microsoft VS Code\bin;C:\Users\JonProvan\AppData\Local\Microsoft\WinGet\Packages\Schniz.fnm_Microsoft.Winget.Source_8wekyb3d8bbwe;C:\Users\JonProvan\AppData\Roaming\npm;C:\Program Files\Oracle\VirtualBox;C:\Program Files\Java\sts-4.30.0.RELEASE;;."/>
    <property name="java.vm.info" value="mixed mode, sharing"/>
    <property name="java.vendor" value="Oracle Corporation"/>
    <property name="java.vm.version" value="17.0.12+8-LTS-286"/>
    <property name="sun.io.unicode.encoding" value="UnicodeLittle"/>
    <property name="java.class.version" value="61.0"/>
  </properties>
  <testcase name="addAndOverflow" classname="com.skillstorm.CalculatorTests" time="0.014">
    <system-out><![CDATA[*** BeforeAll Setup ***
*** BeforeEach ***
*** Add And Overflow ***
*** AfterEach ***
]]></system-out>
  </testcase>
  <testcase name="addTwoIntegers" classname="com.skillstorm.CalculatorTests" time="0.002">
    <system-out><![CDATA[*** BeforeEach ***
*** Add Two Integers ***
PASSED!
*** AfterEach ***
]]></system-out>
  </testcase>
  <testcase name="basicMultiplication" classname="com.skillstorm.CalculatorTests" time="0.001">
    <system-out><![CDATA[*** BeforeEach ***
*** Basic Multiplication ***
*** AfterEach ***
]]></system-out>
  </testcase>
  <testcase name="basicSubtraction" classname="com.skillstorm.CalculatorTests" time="0.0">
    <system-out><![CDATA[*** BeforeEach ***
*** Basic Subtraction ***
*** AfterEach ***
]]></system-out>
  </testcase>
  <testcase name="divideIntegers" classname="com.skillstorm.CalculatorTests" time="0.001">
    <system-out><![CDATA[*** BeforeEach ***
*** Divide Integers ***
*** AfterEach ***
]]></system-out>
  </testcase>
  <testcase name="defaultTest" classname="com.skillstorm.CalculatorTests" time="0.001">
    <system-out><![CDATA[*** BeforeEach ***
*** AfterEach ***
]]></system-out>
  </testcase>
  <testcase name="oneArgConstructor" classname="com.skillstorm.CalculatorTests" time="0.0">
    <system-out><![CDATA[*** BeforeEach ***
*** AfterEach ***
]]></system-out>
  </testcase>
  <testcase name="randomTest" classname="com.skillstorm.CalculatorTests" time="0.0">
    <system-out><![CDATA[*** BeforeEach ***
*** AfterEach ***
]]></system-out>
  </testcase>
  <testcase name="powerTest" classname="com.skillstorm.CalculatorTests" time="0.001">
    <system-out><![CDATA[*** BeforeEach ***
*** AfterEach ***
]]></system-out>
  </testcase>
  <testcase name="noArgsConstructor" classname="com.skillstorm.CalculatorTests" time="0.001">
    <system-out><![CDATA[*** BeforeEach ***
*** AfterEach ***
]]></system-out>
  </testcase>
  <testcase name="subtractAndUnderflow" classname="com.skillstorm.CalculatorTests" time="0.0">
    <system-out><![CDATA[*** BeforeEach ***
*** Subtract and Underflow ***
*** AfterEach ***
]]></system-out>
  </testcase>
  <testcase name="divideByZero" classname="com.skillstorm.CalculatorTests" time="0.001">
    <system-out><![CDATA[*** BeforeEach ***
*** Divide By Zero ***
*** AfterEach ***
]]></system-out>
  </testcase>
  <testcase name="multiplyAndOverflow" classname="com.skillstorm.CalculatorTests" time="0.0">
    <system-out><![CDATA[*** BeforeEach ***
*** Multiply and Overflow ***
*** AfterEach ***
]]></system-out>
  </testcase>
</testsuite>